<?xml version="1.0" encoding="UTF-8"?>
<testng-results ignored="0" total="1" passed="0" failed="1" skipped="0">
  <reporter-output>
  </reporter-output>
  <suite started-at="2024-03-21T00:00:53 IST" name="Default suite" finished-at="2024-03-21T00:01:24 IST" duration-ms="30924">
    <groups>
    </groups>
    <test started-at="2024-03-21T00:00:53 IST" name="Default test" finished-at="2024-03-21T00:01:24 IST" duration-ms="30924">
      <class name="automateorangehrm.JobTitleFunctionalityTest">
        <test-method is-config="true" signature="setUp()[pri:0, instance:automateorangehrm.JobTitleFunctionalityTest@33d512c1]" started-at="2024-03-21T00:00:53 IST" name="setUp" finished-at="2024-03-21T00:01:07 IST" duration-ms="13721" status="PASS">
          <reporter-output>
          </reporter-output>
        </test-method> <!-- setUp -->
        <test-method signature="testAddFunctionality()[pri:0, instance:automateorangehrm.JobTitleFunctionalityTest@33d512c1]" started-at="2024-03-21T00:01:07 IST" name="testAddFunctionality" finished-at="2024-03-21T00:01:24 IST" duration-ms="16787" status="FAIL">
          <exception class="java.lang.AssertionError">
            <message>
              <![CDATA[Already existed]]>
            </message>
            <full-stacktrace>
              <![CDATA[java.lang.AssertionError: Already existed
at org.testng.Assert.fail(Assert.java:99)
at automateorangehrm.common.pages.JobPage.doesAlreadyExists(JobPage.java:102)
at automateorangehrm.JobTitleFunctionalityTest.testAddFunctionality(JobTitleFunctionalityTest.java:53)
at java.base/jdk.internal.reflect.NativeMethodAccessorImpl.invoke0(Native Method)
at java.base/jdk.internal.reflect.NativeMethodAccessorImpl.invoke(NativeMethodAccessorImpl.java:77)
at java.base/jdk.internal.reflect.DelegatingMethodAccessorImpl.invoke(DelegatingMethodAccessorImpl.java:43)
at java.base/java.lang.reflect.Method.invoke(Method.java:568)
at org.testng.internal.MethodInvocationHelper.invokeMethod(MethodInvocationHelper.java:133)
at org.testng.internal.TestInvoker.invokeMethod(TestInvoker.java:598)
at org.testng.internal.TestInvoker.invokeTestMethod(TestInvoker.java:173)
at org.testng.internal.MethodRunner.runInSequence(MethodRunner.java:46)
at org.testng.internal.TestInvoker$MethodInvocationAgent.invoke(TestInvoker.java:824)
at org.testng.internal.TestInvoker.invokeTestMethods(TestInvoker.java:146)
at org.testng.internal.TestMethodWorker.invokeTestMethods(TestMethodWorker.java:146)
at org.testng.internal.TestMethodWorker.run(TestMethodWorker.java:128)
at java.base/java.util.ArrayList.forEach(ArrayList.java:1511)
at org.testng.TestRunner.privateRun(TestRunner.java:794)
at org.testng.TestRunner.run(TestRunner.java:596)
at org.testng.SuiteRunner.runTest(SuiteRunner.java:377)
at org.testng.SuiteRunner.runSequentially(SuiteRunner.java:371)
at org.testng.SuiteRunner.privateRun(SuiteRunner.java:332)
at org.testng.SuiteRunner.run(SuiteRunner.java:276)
at org.testng.SuiteRunnerWorker.runSuite(SuiteRunnerWorker.java:53)
at org.testng.SuiteRunnerWorker.run(SuiteRunnerWorker.java:96)
at org.testng.TestNG.runSuitesSequentially(TestNG.java:1212)
at org.testng.TestNG.runSuitesLocally(TestNG.java:1134)
at org.testng.TestNG.runSuites(TestNG.java:1063)
at org.testng.TestNG.run(TestNG.java:1031)
at org.testng.remote.AbstractRemoteTestNG.run(AbstractRemoteTestNG.java:115)
at org.testng.remote.RemoteTestNG.initAndRun(RemoteTestNG.java:251)
at org.testng.remote.RemoteTestNG.main(RemoteTestNG.java:77)
]]>
            </full-stacktrace>
          </exception> <!-- java.lang.AssertionError -->
          <reporter-output>
          </reporter-output>
        </test-method> <!-- testAddFunctionality -->
        <test-method is-config="true" signature="closeBrowser()[pri:0, instance:automateorangehrm.JobTitleFunctionalityTest@33d512c1]" started-at="2024-03-21T00:01:24 IST" name="closeBrowser" finished-at="2024-03-21T00:01:24 IST" duration-ms="363" status="PASS">
          <reporter-output>
          </reporter-output>
        </test-method> <!-- closeBrowser -->
      </class> <!-- automateorangehrm.JobTitleFunctionalityTest -->
    </test> <!-- Default test -->
  </suite> <!-- Default suite -->
</testng-results>
